# JRE version: OpenJDK Runtime Environment (8.0_152-b06) (build 1.8.0_152-release-1136-b06)
# Java VM: OpenJDK 64-Bit Server VM (25.152-b06 mixed mode windows-amd64 compressed oops)
Heap:
 PSYoungGen      total 484352K, used 377607K [0x00000000e0000000, 0x0000000100000000, 0x0000000100000000)
  eden space 450560K, 83% used [0x00000000e0000000,0x00000000f70c1e00,0x00000000fb800000)
  from space 33792K, 0% used [0x00000000fb800000,0x00000000fb800000,0x00000000fd900000)
  to   space 33280K, 0% used [0x00000000fdf80000,0x00000000fdf80000,0x0000000100000000)
 ParOldGen       total 214016K, used 60213K [0x00000000a0000000, 0x00000000ad100000, 0x00000000e0000000)
  object space 214016K, 28% used [0x00000000a0000000,0x00000000a3acd700,0x00000000ad100000)
 Metaspace       used 93571K, capacity 99710K, committed 99840K, reserved 1136640K
  class space    used 11787K, capacity 13005K, committed 13056K, reserved 1048576K
GC Heap History (10 events):
Event: 322.199 GC heap before
{Heap before GC invocations=35 (full 3):
 PSYoungGen      total 430080K, used 405889K [0x00000000e0000000, 0x00000000fee80000, 0x0000000100000000)
  eden space 391680K, 100% used [0x00000000e0000000,0x00000000f7e80000,0x00000000f7e80000)
  from space 38400K, 37% used [0x00000000f7e80000,0x00000000f8c604a0,0x00000000fa400000)
  to   space 36864K, 0% used [0x00000000fca80000,0x00000000fca80000,0x00000000fee80000)
 ParOldGen       total 154624K, used 84157K [0x00000000a0000000, 0x00000000a9700000, 0x00000000e0000000)
  object space 154624K, 54% used [0x00000000a0000000,0x00000000a522f588,0x00000000a9700000)
 Metaspace       used 92270K, capacity 97630K, committed 97792K, reserved 1134592K
  class space    used 11670K, capacity 12741K, committed 12800K, reserved 1048576K
Event: 322.211 GC heap after
Heap after GC invocations=35 (full 3):
 PSYoungGen      total 456192K, used 8352K [0x00000000e0000000, 0x00000000fe780000, 0x0000000100000000)
  eden space 426496K, 0% used [0x00000000e0000000,0x00000000e0000000,0x00000000fa080000)
  from space 29696K, 28% used [0x00000000fca80000,0x00000000fd2a8118,0x00000000fe780000)
  to   space 36352K, 0% used [0x00000000fa080000,0x00000000fa080000,0x00000000fc400000)
 ParOldGen       total 154624K, used 84165K [0x00000000a0000000, 0x00000000a9700000, 0x00000000e0000000)
  object space 154624K, 54% used [0x00000000a0000000,0x00000000a5231588,0x00000000a9700000)
 Metaspace       used 92270K, capacity 97630K, committed 97792K, reserved 1134592K
  class space    used 11670K, capacity 12741K, committed 12800K, reserved 1048576K
}
Event: 325.421 GC heap before
{Heap before GC invocations=36 (full 3):
 PSYoungGen      total 456192K, used 434848K [0x00000000e0000000, 0x00000000fe780000, 0x0000000100000000)
  eden space 426496K, 100% used [0x00000000e0000000,0x00000000fa080000,0x00000000fa080000)
  from space 29696K, 28% used [0x00000000fca80000,0x00000000fd2a8118,0x00000000fe780000)
  to   space 36352K, 0% used [0x00000000fa080000,0x00000000fa080000,0x00000000fc400000)
 ParOldGen       total 154624K, used 84165K [0x00000000a0000000, 0x00000000a9700000, 0x00000000e0000000)
  object space 154624K, 54% used [0x00000000a0000000,0x00000000a5231588,0x00000000a9700000)
 Metaspace       used 92369K, capacity 97764K, committed 98048K, reserved 1134592K
  class space    used 11671K, capacity 12742K, committed 12800K, reserved 1048576K
Event: 325.444 GC heap after
Heap after GC invocations=36 (full 3):
 PSYoungGen      total 462848K, used 11795K [0x00000000e0000000, 0x0000000100000000, 0x0000000100000000)
  eden space 426496K, 0% used [0x00000000e0000000,0x00000000e0000000,0x00000000fa080000)
  from space 36352K, 32% used [0x00000000fa080000,0x00000000fac04f40,0x00000000fc400000)
  to   space 34816K, 0% used [0x00000000fde00000,0x00000000fde00000,0x0000000100000000)
 ParOldGen       total 154624K, used 84165K [0x00000000a0000000, 0x00000000a9700000, 0x00000000e0000000)
  object space 154624K, 54% used [0x00000000a0000000,0x00000000a5231588,0x00000000a9700000)
 Metaspace       used 92369K, capacity 97764K, committed 98048K, reserved 1134592K
  class space    used 11671K, capacity 12742K, committed 12800K, reserved 1048576K
}
Event: 344.991 GC heap before
{Heap before GC invocations=37 (full 3):
 PSYoungGen      total 462848K, used 438291K [0x00000000e0000000, 0x0000000100000000, 0x0000000100000000)
  eden space 426496K, 100% used [0x00000000e0000000,0x00000000fa080000,0x00000000fa080000)
  from space 36352K, 32% used [0x00000000fa080000,0x00000000fac04f40,0x00000000fc400000)
  to   space 34816K, 0% used [0x00000000fde00000,0x00000000fde00000,0x0000000100000000)
 ParOldGen       total 154624K, used 84165K [0x00000000a0000000, 0x00000000a9700000, 0x00000000e0000000)
  object space 154624K, 54% used [0x00000000a0000000,0x00000000a5231588,0x00000000a9700000)
 Metaspace       used 92483K, capacity 97924K, committed 98048K, reserved 1134592K
  class space    used 11673K, capacity 12746K, committed 12800K, reserved 1048576K
Event: 345.006 GC heap after
Heap after GC invocations=37 (full 3):
 PSYoungGen      total 479232K, used 12191K [0x00000000e0000000, 0x00000000ffa00000, 0x0000000100000000)
  eden space 450560K, 0% used [0x00000000e0000000,0x00000000e0000000,0x00000000fb800000)
  from space 28672K, 42% used [0x00000000fde00000,0x00000000fe9e7c88,0x00000000ffa00000)
  to   space 33792K, 0% used [0x00000000fb800000,0x00000000fb800000,0x00000000fd900000)
 ParOldGen       total 154624K, used 84173K [0x00000000a0000000, 0x00000000a9700000, 0x00000000e0000000)
  object space 154624K, 54% used [0x00000000a0000000,0x00000000a5233588,0x00000000a9700000)
 Metaspace       used 92483K, capacity 97924K, committed 98048K, reserved 1134592K
  class space    used 11673K, capacity 12746K, committed 12800K, reserved 1048576K
}
Event: 381.159 GC heap before
{Heap before GC invocations=38 (full 3):
 PSYoungGen      total 479232K, used 111832K [0x00000000e0000000, 0x00000000ffa00000, 0x0000000100000000)
  eden space 450560K, 22% used [0x00000000e0000000,0x00000000e614e460,0x00000000fb800000)
  from space 28672K, 42% used [0x00000000fde00000,0x00000000fe9e7c88,0x00000000ffa00000)
  to   space 33792K, 0% used [0x00000000fb800000,0x00000000fb800000,0x00000000fd900000)
 ParOldGen       total 154624K, used 84173K [0x00000000a0000000, 0x00000000a9700000, 0x00000000e0000000)
  object space 154624K, 54% used [0x00000000a0000000,0x00000000a5233588,0x00000000a9700000)
 Metaspace       used 92759K, capacity 98346K, committed 98348K, reserved 1134592K
  class space    used 11703K, capacity 12799K, committed 12800K, reserved 1048576K
Event: 381.168 GC heap after
Heap after GC invocations=38 (full 3):
 PSYoungGen      total 484352K, used 5856K [0x00000000e0000000, 0x0000000100000000, 0x0000000100000000)
  eden space 450560K, 0% used [0x00000000e0000000,0x00000000e0000000,0x00000000fb800000)
  from space 33792K, 17% used [0x00000000fb800000,0x00000000fbdb8020,0x00000000fd900000)
  to   space 33280K, 0% used [0x00000000fdf80000,0x00000000fdf80000,0x0000000100000000)
 ParOldGen       total 154624K, used 84181K [0x00000000a0000000, 0x00000000a9700000, 0x00000000e0000000)
  object space 154624K, 54% used [0x00000000a0000000,0x00000000a5235588,0x00000000a9700000)
 Metaspace       used 92759K, capacity 98346K, committed 98348K, reserved 1134592K
  class space    used 11703K, capacity 12799K, committed 12800K, reserved 1048576K
}
Event: 381.168 GC heap before
{Heap before GC invocations=39 (full 4):
 PSYoungGen      total 484352K, used 5856K [0x00000000e0000000, 0x0000000100000000, 0x0000000100000000)
  eden space 450560K, 0% used [0x00000000e0000000,0x00000000e0000000,0x00000000fb800000)
  from space 33792K, 17% used [0x00000000fb800000,0x00000000fbdb8020,0x00000000fd900000)
  to   space 33280K, 0% used [0x00000000fdf80000,0x00000000fdf80000,0x0000000100000000)
 ParOldGen       total 154624K, used 84181K [0x00000000a0000000, 0x00000000a9700000, 0x00000000e0000000)
  object space 154624K, 54% used [0x00000000a0000000,0x00000000a5235588,0x00000000a9700000)
 Metaspace       used 92759K, capacity 98346K, committed 98348K, reserved 1134592K
  class space    used 11703K, capacity 12799K, committed 12800K, reserved 1048576K
Event: 381.438 GC heap after
Heap after GC invocations=39 (full 4):
 PSYoungGen      total 484352K, used 0K [0x00000000e0000000, 0x0000000100000000, 0x0000000100000000)
  eden space 450560K, 0% used [0x00000000e0000000,0x00000000e0000000,0x00000000fb800000)
  from space 33792K, 0% used [0x00000000fb800000,0x00000000fb800000,0x00000000fd900000)
  to   space 33280K, 0% used [0x00000000fdf80000,0x00000000fdf80000,0x0000000100000000)
 ParOldGen       total 214016K, used 60213K [0x00000000a0000000, 0x00000000ad100000, 0x00000000e0000000)
  object space 214016K, 28% used [0x00000000a0000000,0x00000000a3acd700,0x00000000ad100000)
 Metaspace       used 92402K, capacity 97342K, committed 98348K, reserved 1134592K
  class space    used 11582K, capacity 12591K, committed 12800K, reserved 1048576K
}

