# JRE version: OpenJDK Runtime Environment (8.0_152-b06) (build 1.8.0_152-release-1136-b06)
# Java VM: OpenJDK 64-Bit Server VM (25.152-b06 mixed mode windows-amd64 compressed oops)
Heap:
 PSYoungGen      total 491520K, used 298531K [0x00000000e0000000, 0x0000000100000000, 0x0000000100000000)
  eden space 458752K, 63% used [0x00000000e0000000,0x00000000f1b58460,0x00000000fc000000)
  from space 32768K, 25% used [0x00000000fc000000,0x00000000fc8308e0,0x00000000fe000000)
  to   space 32256K, 0% used [0x00000000fe080000,0x00000000fe080000,0x0000000100000000)
 ParOldGen       total 146432K, used 54512K [0x00000000a0000000, 0x00000000a8f00000, 0x00000000e0000000)
  object space 146432K, 37% used [0x00000000a0000000,0x00000000a353c260,0x00000000a8f00000)
 Metaspace       used 85580K, capacity 89806K, committed 89944K, reserved 1128448K
  class space    used 10826K, capacity 11608K, committed 11648K, reserved 1048576K
GC Heap History (10 events):
Event: 225.795 GC heap before
{Heap before GC invocations=14 (full 3):
 PSYoungGen      total 350720K, used 348936K [0x00000000e0000000, 0x00000000f8000000, 0x0000000100000000)
  eden space 327168K, 99% used [0x00000000e0000000,0x00000000f3dc9008,0x00000000f3f80000)
  from space 23552K, 99% used [0x00000000f5c00000,0x00000000f72f93b0,0x00000000f7300000)
  to   space 29184K, 0% used [0x00000000f3f80000,0x00000000f3f80000,0x00000000f5c00000)
 ParOldGen       total 146432K, used 41987K [0x00000000a0000000, 0x00000000a8f00000, 0x00000000e0000000)
  object space 146432K, 28% used [0x00000000a0000000,0x00000000a2900f38,0x00000000a8f00000)
 Metaspace       used 77781K, capacity 80908K, committed 81112K, reserved 1120256K
  class space    used 10046K, capacity 10687K, committed 10752K, reserved 1048576K
Event: 225.828 GC heap after
Heap after GC invocations=14 (full 3):
 PSYoungGen      total 356352K, used 24631K [0x00000000e0000000, 0x00000000fb780000, 0x0000000100000000)
  eden space 327168K, 0% used [0x00000000e0000000,0x00000000e0000000,0x00000000f3f80000)
  from space 29184K, 84% used [0x00000000f3f80000,0x00000000f578df00,0x00000000f5c00000)
  to   space 31744K, 0% used [0x00000000f9880000,0x00000000f9880000,0x00000000fb780000)
 ParOldGen       total 146432K, used 41995K [0x00000000a0000000, 0x00000000a8f00000, 0x00000000e0000000)
  object space 146432K, 28% used [0x00000000a0000000,0x00000000a2902f38,0x00000000a8f00000)
 Metaspace       used 77781K, capacity 80908K, committed 81112K, reserved 1120256K
  class space    used 10046K, capacity 10687K, committed 10752K, reserved 1048576K
}
Event: 225.995 GC heap before
{Heap before GC invocations=15 (full 3):
 PSYoungGen      total 356352K, used 351264K [0x00000000e0000000, 0x00000000fb780000, 0x0000000100000000)
  eden space 327168K, 99% used [0x00000000e0000000,0x00000000f3efa208,0x00000000f3f80000)
  from space 29184K, 84% used [0x00000000f3f80000,0x00000000f578df00,0x00000000f5c00000)
  to   space 31744K, 0% used [0x00000000f9880000,0x00000000f9880000,0x00000000fb780000)
 ParOldGen       total 146432K, used 41995K [0x00000000a0000000, 0x00000000a8f00000, 0x00000000e0000000)
  object space 146432K, 28% used [0x00000000a0000000,0x00000000a2902f38,0x00000000a8f00000)
 Metaspace       used 77981K, capacity 81076K, committed 81368K, reserved 1120256K
  class space    used 10078K, capacity 10695K, committed 10752K, reserved 1048576K
Event: 226.025 GC heap after
Heap after GC invocations=15 (full 3):
 PSYoungGen      total 419328K, used 16992K [0x00000000e0000000, 0x00000000ffe80000, 0x0000000100000000)
  eden space 387584K, 0% used [0x00000000e0000000,0x00000000e0000000,0x00000000f7a80000)
  from space 31744K, 53% used [0x00000000f9880000,0x00000000fa918120,0x00000000fb780000)
  to   space 30720K, 0% used [0x00000000f7a80000,0x00000000f7a80000,0x00000000f9880000)
 ParOldGen       total 146432K, used 42003K [0x00000000a0000000, 0x00000000a8f00000, 0x00000000e0000000)
  object space 146432K, 28% used [0x00000000a0000000,0x00000000a2904f38,0x00000000a8f00000)
 Metaspace       used 77981K, capacity 81076K, committed 81368K, reserved 1120256K
  class space    used 10078K, capacity 10695K, committed 10752K, reserved 1048576K
}
Event: 249.885 GC heap before
{Heap before GC invocations=16 (full 3):
 PSYoungGen      total 419328K, used 404301K [0x00000000e0000000, 0x00000000ffe80000, 0x0000000100000000)
  eden space 387584K, 99% used [0x00000000e0000000,0x00000000f7a3b4c0,0x00000000f7a80000)
  from space 31744K, 53% used [0x00000000f9880000,0x00000000fa918120,0x00000000fb780000)
  to   space 30720K, 0% used [0x00000000f7a80000,0x00000000f7a80000,0x00000000f9880000)
 ParOldGen       total 146432K, used 42003K [0x00000000a0000000, 0x00000000a8f00000, 0x00000000e0000000)
  object space 146432K, 28% used [0x00000000a0000000,0x00000000a2904f38,0x00000000a8f00000)
 Metaspace       used 80070K, capacity 83406K, committed 83672K, reserved 1122304K
  class space    used 10322K, capacity 10984K, committed 11008K, reserved 1048576K
Event: 249.938 GC heap after
Heap after GC invocations=16 (full 3):
 PSYoungGen      total 418304K, used 7490K [0x00000000e0000000, 0x00000000ffe00000, 0x0000000100000000)
  eden space 387584K, 0% used [0x00000000e0000000,0x00000000e0000000,0x00000000f7a80000)
  from space 30720K, 24% used [0x00000000f7a80000,0x00000000f81d0958,0x00000000f9880000)
  to   space 30208K, 0% used [0x00000000fe080000,0x00000000fe080000,0x00000000ffe00000)
 ParOldGen       total 146432K, used 52003K [0x00000000a0000000, 0x00000000a8f00000, 0x00000000e0000000)
  object space 146432K, 35% used [0x00000000a0000000,0x00000000a32c8c60,0x00000000a8f00000)
 Metaspace       used 80070K, capacity 83406K, committed 83672K, reserved 1122304K
  class space    used 10322K, capacity 10984K, committed 11008K, reserved 1048576K
}
Event: 256.748 GC heap before
{Heap before GC invocations=17 (full 3):
 PSYoungGen      total 418304K, used 395074K [0x00000000e0000000, 0x00000000ffe00000, 0x0000000100000000)
  eden space 387584K, 100% used [0x00000000e0000000,0x00000000f7a80000,0x00000000f7a80000)
  from space 30720K, 24% used [0x00000000f7a80000,0x00000000f81d0958,0x00000000f9880000)
  to   space 30208K, 0% used [0x00000000fe080000,0x00000000fe080000,0x00000000ffe00000)
 ParOldGen       total 146432K, used 52003K [0x00000000a0000000, 0x00000000a8f00000, 0x00000000e0000000)
  object space 146432K, 35% used [0x00000000a0000000,0x00000000a32c8c60,0x00000000a8f00000)
 Metaspace       used 82318K, capacity 85754K, committed 85976K, reserved 1124352K
  class space    used 10481K, capacity 11144K, committed 11264K, reserved 1048576K
Event: 256.827 GC heap after
Heap after GC invocations=17 (full 3):
 PSYoungGen      total 488960K, used 24992K [0x00000000e0000000, 0x0000000100000000, 0x0000000100000000)
  eden space 458752K, 0% used [0x00000000e0000000,0x00000000e0000000,0x00000000fc000000)
  from space 30208K, 82% used [0x00000000fe080000,0x00000000ff8e83a8,0x00000000ffe00000)
  to   space 32768K, 0% used [0x00000000fc000000,0x00000000fc000000,0x00000000fe000000)
 ParOldGen       total 146432K, used 53004K [0x00000000a0000000, 0x00000000a8f00000, 0x00000000e0000000)
  object space 146432K, 36% used [0x00000000a0000000,0x00000000a33c31d0,0x00000000a8f00000)
 Metaspace       used 82318K, capacity 85754K, committed 85976K, reserved 1124352K
  class space    used 10481K, capacity 11144K, committed 11264K, reserved 1048576K
}
Event: 390.781 GC heap before
{Heap before GC invocations=18 (full 3):
 PSYoungGen      total 488960K, used 483744K [0x00000000e0000000, 0x0000000100000000, 0x0000000100000000)
  eden space 458752K, 100% used [0x00000000e0000000,0x00000000fc000000,0x00000000fc000000)
  from space 30208K, 82% used [0x00000000fe080000,0x00000000ff8e83a8,0x00000000ffe00000)
  to   space 32768K, 0% used [0x00000000fc000000,0x00000000fc000000,0x00000000fe000000)
 ParOldGen       total 146432K, used 53004K [0x00000000a0000000, 0x00000000a8f00000, 0x00000000e0000000)
  object space 146432K, 36% used [0x00000000a0000000,0x00000000a33c31d0,0x00000000a8f00000)
 Metaspace       used 84080K, capacity 87890K, committed 88024K, reserved 1126400K
  class space    used 10697K, capacity 11442K, committed 11520K, reserved 1048576K
Event: 390.800 GC heap after
Heap after GC invocations=18 (full 3):
 PSYoungGen      total 491520K, used 8386K [0x00000000e0000000, 0x0000000100000000, 0x0000000100000000)
  eden space 458752K, 0% used [0x00000000e0000000,0x00000000e0000000,0x00000000fc000000)
  from space 32768K, 25% used [0x00000000fc000000,0x00000000fc8308e0,0x00000000fe000000)
  to   space 32256K, 0% used [0x00000000fe080000,0x00000000fe080000,0x0000000100000000)
 ParOldGen       total 146432K, used 54512K [0x00000000a0000000, 0x00000000a8f00000, 0x00000000e0000000)
  object space 146432K, 37% used [0x00000000a0000000,0x00000000a353c260,0x00000000a8f00000)
 Metaspace       used 84080K, capacity 87890K, committed 88024K, reserved 1126400K
  class space    used 10697K, capacity 11442K, committed 11520K, reserved 1048576K
}

