# JRE version: OpenJDK Runtime Environment (8.0_152-b06) (build 1.8.0_152-release-1136-b06)
# Java VM: OpenJDK 64-Bit Server VM (25.152-b06 mixed mode windows-amd64 compressed oops)
Heap:
 PSYoungGen      total 169984K, used 118529K [0x00000000e0000000, 0x00000000ec100000, 0x0000000100000000)
  eden space 150528K, 65% used [0x00000000e0000000,0x00000000e60c0fd0,0x00000000e9300000)
  from space 19456K, 99% used [0x00000000e9700000,0x00000000ea9ff730,0x00000000eaa00000)
  to   space 23552K, 0% used [0x00000000eaa00000,0x00000000eaa00000,0x00000000ec100000)
 ParOldGen       total 145920K, used 59897K [0x00000000a0000000, 0x00000000a8e80000, 0x00000000e0000000)
  object space 145920K, 41% used [0x00000000a0000000,0x00000000a3a7e7a0,0x00000000a8e80000)
 Metaspace       used 79187K, capacity 81946K, committed 82264K, reserved 1120256K
  class space    used 10073K, capacity 10764K, committed 10880K, reserved 1048576K
GC Heap History (10 events):
Event: 29.537 GC heap before
{Heap before GC invocations=18 (full 3):
 PSYoungGen      total 161792K, used 161774K [0x00000000e0000000, 0x00000000eb700000, 0x0000000100000000)
  eden space 143360K, 100% used [0x00000000e0000000,0x00000000e8c00000,0x00000000e8c00000)
  from space 18432K, 99% used [0x00000000ea200000,0x00000000eb3fbac0,0x00000000eb400000)
  to   space 22016K, 0% used [0x00000000e8c00000,0x00000000e8c00000,0x00000000ea180000)
 ParOldGen       total 145920K, used 37481K [0x00000000a0000000, 0x00000000a8e80000, 0x00000000e0000000)
  object space 145920K, 25% used [0x00000000a0000000,0x00000000a249a520,0x00000000a8e80000)
 Metaspace       used 66870K, capacity 69214K, committed 69336K, reserved 1110016K
  class space    used 8810K, capacity 9399K, committed 9472K, reserved 1048576K
Event: 29.578 GC heap after
Heap after GC invocations=18 (full 3):
 PSYoungGen      total 165376K, used 12228K [0x00000000e0000000, 0x00000000ece80000, 0x0000000100000000)
  eden space 143360K, 0% used [0x00000000e0000000,0x00000000e0000000,0x00000000e8c00000)
  from space 22016K, 55% used [0x00000000e8c00000,0x00000000e97f13e8,0x00000000ea180000)
  to   space 21504K, 0% used [0x00000000eb980000,0x00000000eb980000,0x00000000ece80000)
 ParOldGen       total 145920K, used 55879K [0x00000000a0000000, 0x00000000a8e80000, 0x00000000e0000000)
  object space 145920K, 38% used [0x00000000a0000000,0x00000000a3691f00,0x00000000a8e80000)
 Metaspace       used 66870K, capacity 69214K, committed 69336K, reserved 1110016K
  class space    used 8810K, capacity 9399K, committed 9472K, reserved 1048576K
}
Event: 55.853 GC heap before
{Heap before GC invocations=19 (full 3):
 PSYoungGen      total 165376K, used 155588K [0x00000000e0000000, 0x00000000ece80000, 0x0000000100000000)
  eden space 143360K, 100% used [0x00000000e0000000,0x00000000e8c00000,0x00000000e8c00000)
  from space 22016K, 55% used [0x00000000e8c00000,0x00000000e97f13e8,0x00000000ea180000)
  to   space 21504K, 0% used [0x00000000eb980000,0x00000000eb980000,0x00000000ece80000)
 ParOldGen       total 145920K, used 55879K [0x00000000a0000000, 0x00000000a8e80000, 0x00000000e0000000)
  object space 145920K, 38% used [0x00000000a0000000,0x00000000a3691f00,0x00000000a8e80000)
 Metaspace       used 71575K, capacity 74034K, committed 74200K, reserved 1114112K
  class space    used 9270K, capacity 9908K, committed 9984K, reserved 1048576K
Event: 55.872 GC heap after
Heap after GC invocations=19 (full 3):
 PSYoungGen      total 178688K, used 10454K [0x00000000e0000000, 0x00000000ec800000, 0x0000000100000000)
  eden space 163840K, 0% used [0x00000000e0000000,0x00000000e0000000,0x00000000ea000000)
  from space 14848K, 70% used [0x00000000eb980000,0x00000000ec3b5af0,0x00000000ec800000)
  to   space 20480K, 0% used [0x00000000ea000000,0x00000000ea000000,0x00000000eb400000)
 ParOldGen       total 145920K, used 55887K [0x00000000a0000000, 0x00000000a8e80000, 0x00000000e0000000)
  object space 145920K, 38% used [0x00000000a0000000,0x00000000a3693f00,0x00000000a8e80000)
 Metaspace       used 71575K, capacity 74034K, committed 74200K, reserved 1114112K
  class space    used 9270K, capacity 9908K, committed 9984K, reserved 1048576K
}
Event: 1260.276 GC heap before
{Heap before GC invocations=20 (full 3):
 PSYoungGen      total 178688K, used 174294K [0x00000000e0000000, 0x00000000ec800000, 0x0000000100000000)
  eden space 163840K, 100% used [0x00000000e0000000,0x00000000ea000000,0x00000000ea000000)
  from space 14848K, 70% used [0x00000000eb980000,0x00000000ec3b5af0,0x00000000ec800000)
  to   space 20480K, 0% used [0x00000000ea000000,0x00000000ea000000,0x00000000eb400000)
 ParOldGen       total 145920K, used 55887K [0x00000000a0000000, 0x00000000a8e80000, 0x00000000e0000000)
  object space 145920K, 38% used [0x00000000a0000000,0x00000000a3693f00,0x00000000a8e80000)
 Metaspace       used 72980K, capacity 75636K, committed 75864K, reserved 1116160K
  class space    used 9381K, capacity 10037K, committed 10112K, reserved 1048576K
Event: 1260.291 GC heap after
Heap after GC invocations=20 (full 3):
 PSYoungGen      total 166912K, used 7254K [0x00000000e0000000, 0x00000000ec380000, 0x0000000100000000)
  eden space 159232K, 0% used [0x00000000e0000000,0x00000000e0000000,0x00000000e9b80000)
  from space 7680K, 94% used [0x00000000ea000000,0x00000000ea715a48,0x00000000ea780000)
  to   space 20480K, 0% used [0x00000000eaf80000,0x00000000eaf80000,0x00000000ec380000)
 ParOldGen       total 145920K, used 55895K [0x00000000a0000000, 0x00000000a8e80000, 0x00000000e0000000)
  object space 145920K, 38% used [0x00000000a0000000,0x00000000a3695f00,0x00000000a8e80000)
 Metaspace       used 72980K, capacity 75636K, committed 75864K, reserved 1116160K
  class space    used 9381K, capacity 10037K, committed 10112K, reserved 1048576K
}
Event: 1265.173 GC heap before
{Heap before GC invocations=21 (full 3):
 PSYoungGen      total 166912K, used 166486K [0x00000000e0000000, 0x00000000ec380000, 0x0000000100000000)
  eden space 159232K, 100% used [0x00000000e0000000,0x00000000e9b80000,0x00000000e9b80000)
  from space 7680K, 94% used [0x00000000ea000000,0x00000000ea715a48,0x00000000ea780000)
  to   space 20480K, 0% used [0x00000000eaf80000,0x00000000eaf80000,0x00000000ec380000)
 ParOldGen       total 145920K, used 55895K [0x00000000a0000000, 0x00000000a8e80000, 0x00000000e0000000)
  object space 145920K, 38% used [0x00000000a0000000,0x00000000a3695f00,0x00000000a8e80000)
 Metaspace       used 73432K, capacity 76230K, committed 76504K, reserved 1116160K
  class space    used 9432K, capacity 10116K, committed 10240K, reserved 1048576K
Event: 1265.202 GC heap after
Heap after GC invocations=21 (full 3):
 PSYoungGen      total 168448K, used 9924K [0x00000000e0000000, 0x00000000ebd00000, 0x0000000100000000)
  eden space 154624K, 0% used [0x00000000e0000000,0x00000000e0000000,0x00000000e9700000)
  from space 13824K, 71% used [0x00000000eaf80000,0x00000000eb9310e0,0x00000000ebd00000)
  to   space 19456K, 0% used [0x00000000e9700000,0x00000000e9700000,0x00000000eaa00000)
 ParOldGen       total 145920K, used 55903K [0x00000000a0000000, 0x00000000a8e80000, 0x00000000e0000000)
  object space 145920K, 38% used [0x00000000a0000000,0x00000000a3697f00,0x00000000a8e80000)
 Metaspace       used 73432K, capacity 76230K, committed 76504K, reserved 1116160K
  class space    used 9432K, capacity 10116K, committed 10240K, reserved 1048576K
}
Event: 1269.256 GC heap before
{Heap before GC invocations=22 (full 3):
 PSYoungGen      total 168448K, used 164548K [0x00000000e0000000, 0x00000000ebd00000, 0x0000000100000000)
  eden space 154624K, 100% used [0x00000000e0000000,0x00000000e9700000,0x00000000e9700000)
  from space 13824K, 71% used [0x00000000eaf80000,0x00000000eb9310e0,0x00000000ebd00000)
  to   space 19456K, 0% used [0x00000000e9700000,0x00000000e9700000,0x00000000eaa00000)
 ParOldGen       total 145920K, used 55903K [0x00000000a0000000, 0x00000000a8e80000, 0x00000000e0000000)
  object space 145920K, 38% used [0x00000000a0000000,0x00000000a3697f00,0x00000000a8e80000)
 Metaspace       used 78181K, capacity 80986K, committed 81112K, reserved 1120256K
  class space    used 10013K, capacity 10700K, committed 10752K, reserved 1048576K
Event: 1269.279 GC heap after
Heap after GC invocations=22 (full 3):
 PSYoungGen      total 169984K, used 19453K [0x00000000e0000000, 0x00000000ec100000, 0x0000000100000000)
  eden space 150528K, 0% used [0x00000000e0000000,0x00000000e0000000,0x00000000e9300000)
  from space 19456K, 99% used [0x00000000e9700000,0x00000000ea9ff730,0x00000000eaa00000)
  to   space 23552K, 0% used [0x00000000eaa00000,0x00000000eaa00000,0x00000000ec100000)
 ParOldGen       total 145920K, used 59897K [0x00000000a0000000, 0x00000000a8e80000, 0x00000000e0000000)
  object space 145920K, 41% used [0x00000000a0000000,0x00000000a3a7e7a0,0x00000000a8e80000)
 Metaspace       used 78181K, capacity 80986K, committed 81112K, reserved 1120256K
  class space    used 10013K, capacity 10700K, committed 10752K, reserved 1048576K
}

