# JRE version: OpenJDK Runtime Environment (8.0_152-b06) (build 1.8.0_152-release-1136-b06)
# Java VM: OpenJDK 64-Bit Server VM (25.152-b06 mixed mode windows-amd64 compressed oops)
Heap:
 PSYoungGen      total 102912K, used 81747K [0x00000000e0000000, 0x00000000e8c00000, 0x0000000100000000)
  eden space 80896K, 73% used [0x00000000e0000000,0x00000000e3a5b0f0,0x00000000e4f00000)
  from space 22016K, 99% used [0x00000000e4f00000,0x00000000e6479d48,0x00000000e6480000)
  to   space 25088K, 0% used [0x00000000e7380000,0x00000000e7380000,0x00000000e8c00000)
 ParOldGen       total 105472K, used 60301K [0x00000000a0000000, 0x00000000a6700000, 0x00000000e0000000)
  object space 105472K, 57% used [0x00000000a0000000,0x00000000a3ae3558,0x00000000a6700000)
 Metaspace       used 75187K, capacity 77514K, committed 77864K, reserved 1118208K
  class space    used 9413K, capacity 9935K, committed 10024K, reserved 1048576K
GC Heap History (10 events):
Event: 630.682 GC heap before
{Heap before GC invocations=31 (full 4):
 PSYoungGen      total 95744K, used 91473K [0x00000000e0000000, 0x00000000e7380000, 0x0000000100000000)
  eden space 76800K, 100% used [0x00000000e0000000,0x00000000e4b00000,0x00000000e4b00000)
  from space 18944K, 77% used [0x00000000e5e80000,0x00000000e6cd4670,0x00000000e7100000)
  to   space 19968K, 0% used [0x00000000e4b00000,0x00000000e4b00000,0x00000000e5e80000)
 ParOldGen       total 105472K, used 38198K [0x00000000a0000000, 0x00000000a6700000, 0x00000000e0000000)
  object space 105472K, 36% used [0x00000000a0000000,0x00000000a254d938,0x00000000a6700000)
 Metaspace       used 71882K, capacity 74160K, committed 74408K, reserved 1114112K
  class space    used 9135K, capacity 9634K, committed 9640K, reserved 1048576K
Event: 630.731 GC heap after
Heap after GC invocations=31 (full 4):
 PSYoungGen      total 96768K, used 13039K [0x00000000e0000000, 0x00000000e7880000, 0x0000000100000000)
  eden space 76800K, 0% used [0x00000000e0000000,0x00000000e0000000,0x00000000e4b00000)
  from space 19968K, 65% used [0x00000000e4b00000,0x00000000e57bbd88,0x00000000e5e80000)
  to   space 20480K, 0% used [0x00000000e6480000,0x00000000e6480000,0x00000000e7880000)
 ParOldGen       total 105472K, used 38206K [0x00000000a0000000, 0x00000000a6700000, 0x00000000e0000000)
  object space 105472K, 36% used [0x00000000a0000000,0x00000000a254f938,0x00000000a6700000)
 Metaspace       used 71882K, capacity 74160K, committed 74408K, reserved 1114112K
  class space    used 9135K, capacity 9634K, committed 9640K, reserved 1048576K
}
Event: 632.972 GC heap before
{Heap before GC invocations=32 (full 4):
 PSYoungGen      total 96768K, used 89839K [0x00000000e0000000, 0x00000000e7880000, 0x0000000100000000)
  eden space 76800K, 100% used [0x00000000e0000000,0x00000000e4b00000,0x00000000e4b00000)
  from space 19968K, 65% used [0x00000000e4b00000,0x00000000e57bbd88,0x00000000e5e80000)
  to   space 20480K, 0% used [0x00000000e6480000,0x00000000e6480000,0x00000000e7880000)
 ParOldGen       total 105472K, used 38206K [0x00000000a0000000, 0x00000000a6700000, 0x00000000e0000000)
  object space 105472K, 36% used [0x00000000a0000000,0x00000000a254f938,0x00000000a6700000)
 Metaspace       used 73402K, capacity 75690K, committed 75944K, reserved 1116160K
  class space    used 9317K, capacity 9839K, committed 9896K, reserved 1048576K
Event: 632.998 GC heap after
Heap after GC invocations=32 (full 4):
 PSYoungGen      total 101376K, used 16164K [0x00000000e0000000, 0x00000000e7d00000, 0x0000000100000000)
  eden space 80896K, 0% used [0x00000000e0000000,0x00000000e0000000,0x00000000e4f00000)
  from space 20480K, 78% used [0x00000000e6480000,0x00000000e7449160,0x00000000e7880000)
  to   space 22016K, 0% used [0x00000000e4f00000,0x00000000e4f00000,0x00000000e6480000)
 ParOldGen       total 105472K, used 38214K [0x00000000a0000000, 0x00000000a6700000, 0x00000000e0000000)
  object space 105472K, 36% used [0x00000000a0000000,0x00000000a2551938,0x00000000a6700000)
 Metaspace       used 73402K, capacity 75690K, committed 75944K, reserved 1116160K
  class space    used 9317K, capacity 9839K, committed 9896K, reserved 1048576K
}
Event: 634.169 GC heap before
{Heap before GC invocations=33 (full 4):
 PSYoungGen      total 101376K, used 97060K [0x00000000e0000000, 0x00000000e7d00000, 0x0000000100000000)
  eden space 80896K, 100% used [0x00000000e0000000,0x00000000e4f00000,0x00000000e4f00000)
  from space 20480K, 78% used [0x00000000e6480000,0x00000000e7449160,0x00000000e7880000)
  to   space 22016K, 0% used [0x00000000e4f00000,0x00000000e4f00000,0x00000000e6480000)
 ParOldGen       total 105472K, used 38214K [0x00000000a0000000, 0x00000000a6700000, 0x00000000e0000000)
  object space 105472K, 36% used [0x00000000a0000000,0x00000000a2551938,0x00000000a6700000)
 Metaspace       used 74942K, capacity 77258K, committed 77608K, reserved 1116160K
  class space    used 9412K, capacity 9935K, committed 10024K, reserved 1048576K
Event: 634.214 GC heap after
Heap after GC invocations=33 (full 4):
 PSYoungGen      total 102912K, used 22000K [0x00000000e0000000, 0x00000000e8c00000, 0x0000000100000000)
  eden space 80896K, 0% used [0x00000000e0000000,0x00000000e0000000,0x00000000e4f00000)
  from space 22016K, 99% used [0x00000000e4f00000,0x00000000e647c308,0x00000000e6480000)
  to   space 25088K, 0% used [0x00000000e7380000,0x00000000e7380000,0x00000000e8c00000)
 ParOldGen       total 105472K, used 38222K [0x00000000a0000000, 0x00000000a6700000, 0x00000000e0000000)
  object space 105472K, 36% used [0x00000000a0000000,0x00000000a2553938,0x00000000a6700000)
 Metaspace       used 74942K, capacity 77258K, committed 77608K, reserved 1116160K
  class space    used 9412K, capacity 9935K, committed 10024K, reserved 1048576K
}
Event: 634.822 GC heap before
{Heap before GC invocations=34 (full 4):
 PSYoungGen      total 102912K, used 102896K [0x00000000e0000000, 0x00000000e8c00000, 0x0000000100000000)
  eden space 80896K, 100% used [0x00000000e0000000,0x00000000e4f00000,0x00000000e4f00000)
  from space 22016K, 99% used [0x00000000e4f00000,0x00000000e647c308,0x00000000e6480000)
  to   space 25088K, 0% used [0x00000000e7380000,0x00000000e7380000,0x00000000e8c00000)
 ParOldGen       total 105472K, used 38222K [0x00000000a0000000, 0x00000000a6700000, 0x00000000e0000000)
  object space 105472K, 36% used [0x00000000a0000000,0x00000000a2553938,0x00000000a6700000)
 Metaspace       used 75091K, capacity 77386K, committed 77608K, reserved 1116160K
  class space    used 9413K, capacity 9935K, committed 10024K, reserved 1048576K
Event: 634.945 GC heap after
Heap after GC invocations=34 (full 4):
 PSYoungGen      total 105984K, used 25085K [0x00000000e0000000, 0x00000000e8c00000, 0x0000000100000000)
  eden space 80896K, 0% used [0x00000000e0000000,0x00000000e0000000,0x00000000e4f00000)
  from space 25088K, 99% used [0x00000000e7380000,0x00000000e8bff648,0x00000000e8c00000)
  to   space 22016K, 0% used [0x00000000e4f00000,0x00000000e4f00000,0x00000000e6480000)
 ParOldGen       total 105472K, used 45034K [0x00000000a0000000, 0x00000000a6700000, 0x00000000e0000000)
  object space 105472K, 42% used [0x00000000a0000000,0x00000000a2bfa850,0x00000000a6700000)
 Metaspace       used 75091K, capacity 77386K, committed 77608K, reserved 1116160K
  class space    used 9413K, capacity 9935K, committed 10024K, reserved 1048576K
}
Event: 635.349 GC heap before
{Heap before GC invocations=35 (full 4):
 PSYoungGen      total 105984K, used 105981K [0x00000000e0000000, 0x00000000e8c00000, 0x0000000100000000)
  eden space 80896K, 100% used [0x00000000e0000000,0x00000000e4f00000,0x00000000e4f00000)
  from space 25088K, 99% used [0x00000000e7380000,0x00000000e8bff648,0x00000000e8c00000)
  to   space 22016K, 0% used [0x00000000e4f00000,0x00000000e4f00000,0x00000000e6480000)
 ParOldGen       total 105472K, used 45034K [0x00000000a0000000, 0x00000000a6700000, 0x00000000e0000000)
  object space 105472K, 42% used [0x00000000a0000000,0x00000000a2bfa850,0x00000000a6700000)
 Metaspace       used 75181K, capacity 77514K, committed 77864K, reserved 1118208K
  class space    used 9413K, capacity 9935K, committed 10024K, reserved 1048576K
Event: 635.425 GC heap after
Heap after GC invocations=35 (full 4):
 PSYoungGen      total 102912K, used 21991K [0x00000000e0000000, 0x00000000e8c00000, 0x0000000100000000)
  eden space 80896K, 0% used [0x00000000e0000000,0x00000000e0000000,0x00000000e4f00000)
  from space 22016K, 99% used [0x00000000e4f00000,0x00000000e6479d48,0x00000000e6480000)
  to   space 25088K, 0% used [0x00000000e7380000,0x00000000e7380000,0x00000000e8c00000)
 ParOldGen       total 105472K, used 60301K [0x00000000a0000000, 0x00000000a6700000, 0x00000000e0000000)
  object space 105472K, 57% used [0x00000000a0000000,0x00000000a3ae3558,0x00000000a6700000)
 Metaspace       used 75181K, capacity 77514K, committed 77864K, reserved 1118208K
  class space    used 9413K, capacity 9935K, committed 10024K, reserved 1048576K
}

